<?xml version="1.0" encoding="UTF-8"?>
<!-- Generated by org.testng.reporters.JUnitReportReporter -->
<testsuite name="com.test.automation.homePage.VerifyLoginWithValidCredentials" tests="1" time="0.001" ignored="1" failures="0" timestamp="13 Jun 2017 15:31:44 GMT" skipped="1" hostname="reenas-MacBook-Pro.local" errors="0">
  <testcase name="verifyLoginWithValidCredentials" time="0.001" classname="com.test.automation.homePage.VerifyLoginWithValidCredentials">
    <skipped/>
  </testcase> <!-- verifyLoginWithValidCredentials -->
  <testcase name="launchapp" classname="com.test.automation.testBase.TestBase">
    <skipped/>
  </testcase> <!-- launchapp -->
</testsuite> <!-- com.test.automation.homePage.VerifyLoginWithValidCredentials -->
