<?xml version="1.0" encoding="UTF-8"?>
<!-- Generated by org.testng.reporters.JUnitReportReporter -->
<testsuite name="com.test.automation.homePage.VerifyLoginWithValidCredentials" tests="1" time="3.068" ignored="0" failures="0" timestamp="05 Jun 2017 23:57:29 GMT" skipped="0" hostname="reenas-MacBook-Pro.local" errors="0">
  <testcase name="verifyLoginWithValidCredentials" time="3.068" classname="com.test.automation.homePage.VerifyLoginWithValidCredentials"/>
</testsuite> <!-- com.test.automation.homePage.VerifyLoginWithValidCredentials -->
