<?xml version="1.0" encoding="UTF-8"?>
<!-- Generated by org.testng.reporters.JUnitReportReporter -->
<testsuite name="com.test.automation.settingsPage.VerifyPostCodePresent" tests="1" time="0.012" ignored="2" failures="0" timestamp="08 Jun 2017 07:04:34 GMT" skipped="1" hostname="reenas-MacBook-Pro.local" errors="0">
  <testcase name="verifyPostCodePresent_Test" time="0.012" classname="com.test.automation.settingsPage.VerifyPostCodePresent">
    <skipped/>
  </testcase> <!-- verifyPostCodePresent_Test -->
  <testcase name="launchapp" classname="com.test.automation.testBase.TestBase">
    <skipped/>
  </testcase> <!-- launchapp -->
  <testcase name="launchapp" classname="com.test.automation.testBase.TestBase">
    <skipped/>
  </testcase> <!-- launchapp -->
</testsuite> <!-- com.test.automation.settingsPage.VerifyPostCodePresent -->
